<?xml version="1.0" encoding="UTF-8"?>
<!-- Generated by org.testng.reporters.JUnitXMLReporter -->
<testsuite ignored="1" hostname="DESKTOP-A4VLJ8U" failures="4" tests="24" name="Test2023" time="9.172" errors="0" timestamp="2023-02-12T22:34:17 IST">
  <testcase classname="TestNG.TestNGAmazon" name="@BeforeClass beforeClass" time="5.781">
    <failure type="org.openqa.selenium.NoSuchWindowException" message="no such window: target window already closed
from unknown error: web view not found
  (Session info: chrome=109.0.5414.120)
Build info: version: &amp;apos;4.7.2&amp;apos;, revision: &amp;apos;4d4020c3b7&amp;apos;
System info: os.name: &amp;apos;Windows 10&amp;apos;, os.arch: &amp;apos;amd64&amp;apos;, os.version: &amp;apos;10.0&amp;apos;, java.version: &amp;apos;17.0.4.1&amp;apos;
Driver info: org.openqa.selenium.chrome.ChromeDriver
Command: [7ed3d90d146207a8fbf717001da26d52, maximizeCurrentWindow {}]
Capabilities {acceptInsecureCerts: false, browserName: chrome, browserVersion: 109.0.5414.120, chrome: {chromedriverVersion: 108.0.5359.71 (1e0e3868ee06..., userDataDir: C:\Users\Avani\AppData\Loca...}, goog:chromeOptions: {debuggerAddress: localhost:51235}, networkConnectionEnabled: false, pageLoadStrategy: normal, platformName: WINDOWS, proxy: Proxy(), se:cdp: ws://localhost:51235/devtoo..., se:cdpVersion: 109.0.5414.120, setWindowRect: true, strictFileInteractability: false, timeouts: {implicit: 0, pageLoad: 300000, script: 30000}, unhandledPromptBehavior: dismiss and notify, webauthn:extension:credBlob: true, webauthn:extension:largeBlob: true, webauthn:virtualAuthenticators: true}
Session ID: 7ed3d90d146207a8fbf717001da26d52">
      <![CDATA[org.openqa.selenium.NoSuchWindowException: no such window: target window already closed
from unknown error: web view not found
  (Session info: chrome=109.0.5414.120)
Build info: version: '4.7.2', revision: '4d4020c3b7'
System info: os.name: 'Windows 10', os.arch: 'amd64', os.version: '10.0', java.version: '17.0.4.1'
Driver info: org.openqa.selenium.chrome.ChromeDriver
Command: [7ed3d90d146207a8fbf717001da26d52, maximizeCurrentWindow {}]
Capabilities {acceptInsecureCerts: false, browserName: chrome, browserVersion: 109.0.5414.120, chrome: {chromedriverVersion: 108.0.5359.71 (1e0e3868ee06..., userDataDir: C:\Users\Avani\AppData\Loca...}, goog:chromeOptions: {debuggerAddress: localhost:51235}, networkConnectionEnabled: false, pageLoadStrategy: normal, platformName: WINDOWS, proxy: Proxy(), se:cdp: ws://localhost:51235/devtoo..., se:cdpVersion: 109.0.5414.120, setWindowRect: true, strictFileInteractability: false, timeouts: {implicit: 0, pageLoad: 300000, script: 30000}, unhandledPromptBehavior: dismiss and notify, webauthn:extension:credBlob: true, webauthn:extension:largeBlob: true, webauthn:virtualAuthenticators: true}
Session ID: 7ed3d90d146207a8fbf717001da26d52
at org.openqa.selenium.remote.codec.w3c.W3CHttpResponseCodec.createException(W3CHttpResponseCodec.java:200)
at org.openqa.selenium.remote.codec.w3c.W3CHttpResponseCodec.decode(W3CHttpResponseCodec.java:133)
at org.openqa.selenium.remote.codec.w3c.W3CHttpResponseCodec.decode(W3CHttpResponseCodec.java:53)
at org.openqa.selenium.remote.HttpCommandExecutor.execute(HttpCommandExecutor.java:184)
at org.openqa.selenium.remote.service.DriverCommandExecutor.invokeExecute(DriverCommandExecutor.java:167)
at org.openqa.selenium.remote.service.DriverCommandExecutor.execute(DriverCommandExecutor.java:142)
at org.openqa.selenium.remote.RemoteWebDriver.execute(RemoteWebDriver.java:535)
at org.openqa.selenium.remote.RemoteWebDriver.execute(RemoteWebDriver.java:590)
at org.openqa.selenium.remote.RemoteWebDriver.execute(RemoteWebDriver.java:594)
at org.openqa.selenium.remote.RemoteWebDriver$RemoteWebDriverOptions$RemoteWindow.maximize(RemoteWebDriver.java:946)
at TestNG.TestNGAmazon.beforeClass(TestNGAmazon.java:22)
at java.base/java.util.ArrayList.forEach(ArrayList.java:1511)
... Removed 30 stack frames]]>
    </failure>
  </testcase> <!-- @BeforeClass beforeClass -->
  <testcase classname="TestNG.TestNGAmazon" name="@BeforeMethod beforeMethod" time="-1.676221457378E9">
    <skipped/>
  </testcase> <!-- @BeforeMethod beforeMethod -->
  <testcase classname="TestNG.TestNGAmazon" name="@AfterMethod afterMethod" time="-1.676221457425E9">
    <skipped/>
  </testcase> <!-- @AfterMethod afterMethod -->
  <testcase classname="TestNG.TestNGAmazon" name="@AfterClass afterClass" time="-1.676221457427E9">
    <skipped/>
  </testcase> <!-- @AfterClass afterClass -->
  <testcase classname="TestNG.KeywordDependsopmethod$Keyword2" name="test3" time="0.011">
    <failure type="java.lang.AssertionError" message="null">
      <![CDATA[java.lang.AssertionError: null
at TestNG.KeywordDependsopmethod$Keyword2.test3(KeywordDependsopmethod.java:53)
at java.base/java.util.ArrayList.forEach(ArrayList.java:1511)
... Removed 29 stack frames]]>
    </failure>
  </testcase> <!-- test3 -->
  <testcase classname="TestNG.Keyword3$Keyword2" name="test3" time="0.002"/>
  <testcase classname="TestNG.DependsOnMethod2$Keyword2" name="test3" time="0.002">
    <failure type="java.lang.AssertionError" message="null">
      <![CDATA[java.lang.AssertionError: null
at TestNG.DependsOnMethod2$Keyword2.test3(DependsOnMethod2.java:51)
at java.base/java.util.ArrayList.forEach(ArrayList.java:1511)
... Removed 29 stack frames]]>
    </failure>
  </testcase> <!-- test3 -->
  <testcase classname="TestNG.TestNG1" name="test" time="0.004"/>
  <testcase classname="TestNG.Keyword2" name="test3" time="0.002"/>
  <testcase classname="TestNG.Keyword2" name="test2" time="0.003"/>
  <testcase classname="TestNG.Keyword2" name="test1" time="0.004"/>
  <testcase classname="TestNG.KeywordDependsopmethod$Keyword2" name="test1" time="0.009"/>
  <testcase classname="TestNG.Keyword3$Keyword2" name="test1" time="0.004"/>
  <testcase classname="TestNG.DependsOnMethod2$Keyword2" name="test1" time="0.002"/>
  <testcase classname="TestNG.Keyword2" name="test4" time="0.001"/>
  <testcase classname="TestNG.Keyword1" name="test4" time="0.002"/>
  <testcase classname="TestNG.Keyword1" name="test3" time="0.003"/>
  <testcase classname="TestNG.Keyword1" name="test1" time="0.004"/>
  <testcase classname="TestNG.KeywordDependsopmethod$Keyword2" name="test4" time="0.002">
    <failure type="java.lang.AssertionError" message="null">
      <![CDATA[java.lang.AssertionError: null
at TestNG.KeywordDependsopmethod$Keyword2.test4(KeywordDependsopmethod.java:61)
at java.base/java.util.ArrayList.forEach(ArrayList.java:1511)
... Removed 29 stack frames]]>
    </failure>
  </testcase> <!-- test4 -->
  <testcase classname="TestNG.KeywordDependsopmethod$Keyword2" name="test2" time="0.001">
    <skipped/>
  </testcase> <!-- test2 -->
  <testcase classname="TestNG.Keyword3$Keyword2" name="test4" time="0.003"/>
  <testcase classname="TestNG.DependsOnMethod2$Keyword2" name="test4" time="0.001"/>
  <testcase classname="TestNG.DependsOnMethod2$Keyword2" name="test2" time="0.0">
    <skipped/>
  </testcase> <!-- test2 -->
  <testcase classname="TestNG.Keyword1" name="test2" time="0.007"/>
  <testcase classname="TestNG.Enabledzdisabled" name="test3" time="0.003"/>
  <testcase classname="TestNG.Enabledzdisabled" name="test1" time="0.003"/>
  <testcase classname="TestNG.Enabledzdisabled" name="test2" time="3.025">
    <failure type="org.testng.internal.thread.ThreadTimeoutException" message="Method TestNG.Enabledzdisabled.test2() didn&amp;apos;t finish within the time-out 3000">
      <![CDATA[org.testng.internal.thread.ThreadTimeoutException: Method TestNG.Enabledzdisabled.test2() didn't finish within the time-out 3000
at java.base/java.util.ArrayList.forEach(ArrayList.java:1511)
... Removed 24 stack frames]]>
    </failure>
  </testcase> <!-- test2 -->
  <testcase classname="TestNG.TestNGAmazon" name="test" time="0.0">
    <skipped/>
  </testcase> <!-- test -->
  <testcase classname="TestNG.Enabledzdisabled" name="test4" time="0.0">
    <ignored/>
  </testcase> <!-- test4 -->
</testsuite> <!-- Test2023 -->
